Using pre-set license
Built from '2020.3/release' branch; Version is '2020.3.12f1 (b3b2c6512326) revision 11776710'; Using compiler version '192528614'; Build Type 'Release'
OS: 'Windows 10 Home; OS build 19042.1288; Version 2009; 64bit' Language: 'zh' Physical Memory: 32635 MB
BatchMode: 1, IsHumanControllingUs: 0, StartBugReporterOnCrash: 0, Is64bit: 1, IsPro: 0

 COMMAND LINE ARGUMENTS:
C:\Program Files\Unity\Hub\Editor\2020.3.15f2\Editor\Unity.exe
-adb2
-batchMode
-noUpm
-name
AssetImportWorker0
-projectPath
D:/gamedevelope/Game-Development-Task-2/Game Development Task
-logFile
Logs/AssetImportWorker0.log
-srvPort
55916
Successfully changed project path to: D:/gamedevelope/Game-Development-Task-2/Game Development Task
D:/gamedevelope/Game-Development-Task-2/Game Development Task
Using Asset Import Pipeline V2.
Refreshing native plugins compatible for Editor in 26.80 ms, found 2 plugins.
Preloading 0 native plugins for Editor in 0.00 ms.
Initialize engine version: 2020.3.12f1 (b3b2c6512326)
[Subsystems] Discovering subsystems at path C:/Program Files/Unity/Hub/Editor/2020.3.15f2/Editor/Data/Resources/UnitySubsystems
[Subsystems] Discovering subsystems at path D:/gamedevelope/Game-Development-Task-2/Game Development Task/Assets
GfxDevice: creating device client; threaded=0
Direct3D:
    Version:  Direct3D 11.0 [level 11.1]
    Renderer: NVIDIA GeForce RTX 3070 Ti (ID=0x2482)
    Vendor:   
    VRAM:     8041 MB
    Driver:   30.0.14.7212
Initialize mono
Mono path[0] = 'C:/Program Files/Unity/Hub/Editor/2020.3.15f2/Editor/Data/Managed'
Mono path[1] = 'C:/Program Files/Unity/Hub/Editor/2020.3.15f2/Editor/Data/MonoBleedingEdge/lib/mono/unityjit'
Mono config path = 'C:/Program Files/Unity/Hub/Editor/2020.3.15f2/Editor/Data/MonoBleedingEdge/etc'
Using monoOptions --debugger-agent=transport=dt_socket,embedding=1,server=y,suspend=n,address=127.0.0.1:56736
Begin MonoManager ReloadAssembly
Registering precompiled unity dll's ...
Register platform support module: C:/Program Files/Unity/Hub/Editor/2020.3.15f2/Editor/Data/PlaybackEngines/WindowsStandaloneSupport/UnityEditor.WindowsStandalone.Extensions.dll
Registered in 0.003165 seconds.
Native extension for WindowsStandalone target not found
Refreshing native plugins compatible for Editor in 25.24 ms, found 2 plugins.
Preloading 0 native plugins for Editor in 0.00 ms.
Mono: successfully reloaded assembly
- Completed reload, in  0.943 seconds
Platform modules already initialized, skipping
Registering precompiled user dll's ...
Registered in 0.002279 seconds.
Begin MonoManager ReloadAssembly
Native extension for WindowsStandalone target not found
Refreshing native plugins compatible for Editor in 0.28 ms, found 2 plugins.
Preloading 0 native plugins for Editor in 0.00 ms.
Mono: successfully reloaded assembly
- Completed reload, in  0.705 seconds
Platform modules already initialized, skipping
========================================================================
Worker process is ready to serve import requests
Launched and connected shader compiler UnityShaderCompiler.exe after 0.07 seconds
Refreshing native plugins compatible for Editor in 0.27 ms, found 2 plugins.
Preloading 0 native plugins for Editor in 0.00 ms.
Unloading 1526 Unused Serialized files (Serialized files now loaded: 0)
System memory in use before: 90.4 MB.
System memory in use after: 90.1 MB.

Unloading 21 unused Assets to reduce memory usage. Loaded Objects now: 1983.
Total: 1.658100 ms (FindLiveObjects: 0.093400 ms CreateObjectMapping: 0.028600 ms MarkObjects: 1.189200 ms  DeleteObjects: 0.346200 ms)

AssetImportParameters requested are different than current active one (requested -> active):
  custom:framework-win-MediaFoundation: 216162199b28c13a410421893ffa2e32 -> 
  custom:video-decoder-ogg-theora: a1e56fd34408186e4bbccfd4996cb3dc -> 
  custom:container-muxer-webm: aa71ff27fc2769a1b78a27578f13a17b -> 
  custom:container-demuxer-webm: 4f35f7cbe854078d1ac9338744f61a02 -> 
  custom:container-demuxer-ogg: 62fdf1f143b41e24485cea50d1cbac27 -> 
  custom:video-encoder-webm-vp8: eb34c28f22e8b96e1ab97ce403110664 -> 
  custom:video-decoder-webm-vp8: 9c59270c3fd7afecdb556c50c9e8de78 -> 
  custom:audio-decoder-ogg-vorbis: bf7c407c2cedff20999df2af8eb42d56 -> 
  custom:audio-encoder-webm-vorbis: bf7c407c2cedff20999df2af8eb42d56 -> 
========================================================================
Received Import Request.
  path: Assets/Models/Models/Nature/bridge_center_stoneRound.fbx
  artifactKey: Guid(ad56223b9cd69344a986e6051e9af55b) Importer(815301076,1909f56bfc062723c751e8b465ee728b)
Start importing Assets/Models/Models/Nature/bridge_center_stoneRound.fbx using Guid(ad56223b9cd69344a986e6051e9af55b) Importer(815301076,1909f56bfc062723c751e8b465ee728b)  -> (artifact id: '61fc7f1fc0b02bd5e77a2fda3b69510a') in 0.157976 seconds 
  Import took 0.159785 seconds .

========================================================================
Received Import Request.
  Time since last request: 0.002279 seconds.
  path: Assets/Models/Models/Nature/bridge_woodRoundNarrow.fbx
  artifactKey: Guid(df97e7ded4e04364d99a07c25678fff1) Importer(815301076,1909f56bfc062723c751e8b465ee728b)
Start importing Assets/Models/Models/Nature/bridge_woodRoundNarrow.fbx using Guid(df97e7ded4e04364d99a07c25678fff1) Importer(815301076,1909f56bfc062723c751e8b465ee728b)  -> (artifact id: 'c89eaf705f51cc7650e02ab89bb71b9f') in 0.021784 seconds 
  Import took 0.023548 seconds .

========================================================================
Received Import Request.
  Time since last request: 0.002041 seconds.
  path: Assets/Models/Models/Nature/cliff_blockDiagonal_stone.fbx
  artifactKey: Guid(5d95982b7927a5c44a19ebe527cf5736) Importer(815301076,1909f56bfc062723c751e8b465ee728b)
Start importing Assets/Models/Models/Nature/cliff_blockDiagonal_stone.fbx using Guid(5d95982b7927a5c44a19ebe527cf5736) Importer(815301076,1909f56bfc062723c751e8b465ee728b)  -> (artifact id: '19dc28ed7d355d5a1f1f116d493be297') in 0.015966 seconds 
  Import took 0.017806 seconds .

========================================================================
Received Import Request.
  Time since last request: 0.001981 seconds.
  path: Assets/Models/Models/Nature/cactus_tall.fbx
  artifactKey: Guid(66698de5d2f9e8b4fb7fe8544e412014) Importer(815301076,1909f56bfc062723c751e8b465ee728b)
Start importing Assets/Models/Models/Nature/cactus_tall.fbx using Guid(66698de5d2f9e8b4fb7fe8544e412014) Importer(815301076,1909f56bfc062723c751e8b465ee728b)  -> (artifact id: 'cb1c44c5be96dc269d562de863a23b40') in 0.014768 seconds 
  Import took 0.016484 seconds .

========================================================================
Received Import Request.
  Time since last request: 0.002011 seconds.
  path: Assets/Models/Models/Nature/cliff_block_stone.fbx
  artifactKey: Guid(3a08e0975bfd613419f42d3c88eb112e) Importer(815301076,1909f56bfc062723c751e8b465ee728b)
Start importing Assets/Models/Models/Nature/cliff_block_stone.fbx using Guid(3a08e0975bfd613419f42d3c88eb112e) Importer(815301076,1909f56bfc062723c751e8b465ee728b)  -> (artifact id: '8fda5e229067994733d3bb177ef2d51e') in 0.015178 seconds 
  Import took 0.017134 seconds .

========================================================================
Received Import Request.
  Time since last request: 0.002039 seconds.
  path: Assets/Models/Models/Nature/bridge_center_wood.fbx
  artifactKey: Guid(c2eff962ffc6ecd4cb80810c4541c91f) Importer(815301076,1909f56bfc062723c751e8b465ee728b)
Start importing Assets/Models/Models/Nature/bridge_center_wood.fbx using Guid(c2eff962ffc6ecd4cb80810c4541c91f) Importer(815301076,1909f56bfc062723c751e8b465ee728b)  -> (artifact id: '0799d9563e10113e6ccc4bb537e81e80') in 0.017067 seconds 
  Import took 0.018864 seconds .

========================================================================
Received Import Request.
  Time since last request: 0.001920 seconds.
  path: Assets/Models/Models/Nature/cliff_block_rock.fbx
  artifactKey: Guid(226a0c0e89de03c4b8d7a77d436f2db8) Importer(815301076,1909f56bfc062723c751e8b465ee728b)
Start importing Assets/Models/Models/Nature/cliff_block_rock.fbx using Guid(226a0c0e89de03c4b8d7a77d436f2db8) Importer(815301076,1909f56bfc062723c751e8b465ee728b)  -> (artifact id: '6ae3de890fa3cc0e12441972f60d12f4') in 0.014599 seconds 
  Import took 0.016297 seconds .

========================================================================
Received Import Request.
  Time since last request: 0.002188 seconds.
  path: Assets/Models/Models/Nature/bridge_wood.fbx
  artifactKey: Guid(db9e8ff7e976a214d951ad85a4d07539) Importer(815301076,1909f56bfc062723c751e8b465ee728b)
Start importing Assets/Models/Models/Nature/bridge_wood.fbx using Guid(db9e8ff7e976a214d951ad85a4d07539) Importer(815301076,1909f56bfc062723c751e8b465ee728b)  -> (artifact id: '14f62e81aefd2ab215161a8506cd79b0') in 0.017452 seconds 
  Import took 0.019269 seconds .

========================================================================
Received Import Request.
  Time since last request: 0.002029 seconds.
  path: Assets/Models/Models/Nature/cliff_blockSlopeWalls_stone.fbx
  artifactKey: Guid(94717e14e32982941b27e1c86a07963f) Importer(815301076,1909f56bfc062723c751e8b465ee728b)
Start importing Assets/Models/Models/Nature/cliff_blockSlopeWalls_stone.fbx using Guid(94717e14e32982941b27e1c86a07963f) Importer(815301076,1909f56bfc062723c751e8b465ee728b)  -> (artifact id: '86d22f7c4b20bb28edc2b7c5418c927b') in 0.014934 seconds 
  Import took 0.016656 seconds .

========================================================================
Received Import Request.
  Time since last request: 0.001946 seconds.
  path: Assets/Models/Models/Nature/cliff_cave_rock.fbx
  artifactKey: Guid(282486f717711384e8fcdfc2ce161877) Importer(815301076,1909f56bfc062723c751e8b465ee728b)
Start importing Assets/Models/Models/Nature/cliff_cave_rock.fbx using Guid(282486f717711384e8fcdfc2ce161877) Importer(815301076,1909f56bfc062723c751e8b465ee728b)  -> (artifact id: '6346ea3c813f1e029bc56ba165af8a4f') in 0.014150 seconds 
  Import took 0.015834 seconds .

========================================================================
Received Import Request.
  Time since last request: 0.002183 seconds.
  path: Assets/Models/Models/Nature/cliff_blockQuarter_stone.fbx
  artifactKey: Guid(da3ea85d7c8b4204ea75f8cbc7ed3b3c) Importer(815301076,1909f56bfc062723c751e8b465ee728b)
Start importing Assets/Models/Models/Nature/cliff_blockQuarter_stone.fbx using Guid(da3ea85d7c8b4204ea75f8cbc7ed3b3c) Importer(815301076,1909f56bfc062723c751e8b465ee728b)  -> (artifact id: 'b873da5371f73958e7375f16e7195bbe') in 0.017389 seconds 
  Import took 0.019256 seconds .

========================================================================
Received Import Request.
  Time since last request: 0.001927 seconds.
  path: Assets/Models/Models/Nature/cliff_blockHalf_stone.fbx
  artifactKey: Guid(2be8bbb75973c62489234134e4609302) Importer(815301076,1909f56bfc062723c751e8b465ee728b)
Start importing Assets/Models/Models/Nature/cliff_blockHalf_stone.fbx using Guid(2be8bbb75973c62489234134e4609302) Importer(815301076,1909f56bfc062723c751e8b465ee728b)  -> (artifact id: '7c4ebd379d80320228812c513b4d43ee') in 0.019298 seconds 
  Import took 0.021155 seconds .

========================================================================
Received Import Request.
  Time since last request: 0.002041 seconds.
  path: Assets/Models/Models/Nature/cliff_blockCave_rock.fbx
  artifactKey: Guid(13ca494ae03d0664592c5feef60b43fd) Importer(815301076,1909f56bfc062723c751e8b465ee728b)
Start importing Assets/Models/Models/Nature/cliff_blockCave_rock.fbx using Guid(13ca494ae03d0664592c5feef60b43fd) Importer(815301076,1909f56bfc062723c751e8b465ee728b)  -> (artifact id: '74911dab1d922e661a28465001448919') in 0.020632 seconds 
  Import took 0.022350 seconds .

========================================================================
Received Import Request.
  Time since last request: 0.002181 seconds.
  path: Assets/Models/Models/Nature/cliff_blockSlope_rock.fbx
  artifactKey: Guid(8acc2db648ff6924086feb5a764790db) Importer(815301076,1909f56bfc062723c751e8b465ee728b)
Start importing Assets/Models/Models/Nature/cliff_blockSlope_rock.fbx using Guid(8acc2db648ff6924086feb5a764790db) Importer(815301076,1909f56bfc062723c751e8b465ee728b)  -> (artifact id: 'c94b858925f2e4dbfa5b0d8a587bb808') in 0.022710 seconds 
  Import took 0.024870 seconds .

========================================================================
Received Import Request.
  Time since last request: 0.002257 seconds.
  path: Assets/Models/Models/Nature/cliff_blockSlopeWalls_rock.fbx
  artifactKey: Guid(670ba38628873164f9361f8130ff47c4) Importer(815301076,1909f56bfc062723c751e8b465ee728b)
Start importing Assets/Models/Models/Nature/cliff_blockSlopeWalls_rock.fbx using Guid(670ba38628873164f9361f8130ff47c4) Importer(815301076,1909f56bfc062723c751e8b465ee728b)  -> (artifact id: '699924651fde6647b7fa535e346575ce') in 0.016598 seconds 
  Import took 0.018580 seconds .

========================================================================
Received Import Request.
  Time since last request: 0.002097 seconds.
  path: Assets/Models/Models/Nature/bridge_side_wood.fbx
  artifactKey: Guid(2645da5600248cc4eb046daf0a55b78c) Importer(815301076,1909f56bfc062723c751e8b465ee728b)
Start importing Assets/Models/Models/Nature/bridge_side_wood.fbx using Guid(2645da5600248cc4eb046daf0a55b78c) Importer(815301076,1909f56bfc062723c751e8b465ee728b)  -> (artifact id: '0c562aec9e2fc0d99928adaafe1e8922') in 0.018110 seconds 
  Import took 0.020134 seconds .

========================================================================
Received Import Request.
  Time since last request: 0.002036 seconds.
  path: Assets/Models/Models/Nature/cliff_blockDiagonal_rock.fbx
  artifactKey: Guid(14482dc7a76d3e44a9e53e8f567295df) Importer(815301076,1909f56bfc062723c751e8b465ee728b)
Start importing Assets/Models/Models/Nature/cliff_blockDiagonal_rock.fbx using Guid(14482dc7a76d3e44a9e53e8f567295df) Importer(815301076,1909f56bfc062723c751e8b465ee728b)  -> (artifact id: '69bf637c6579e876cc8a217280d2023d') in 0.018162 seconds 
  Import took 0.019885 seconds .

========================================================================
Received Import Request.
  Time since last request: 0.001981 seconds.
  path: Assets/Models/Models/Nature/campfire_bricks.fbx
  artifactKey: Guid(139daf907ce3b5f429979cf35e3c8dbe) Importer(815301076,1909f56bfc062723c751e8b465ee728b)
Start importing Assets/Models/Models/Nature/campfire_bricks.fbx using Guid(139daf907ce3b5f429979cf35e3c8dbe) Importer(815301076,1909f56bfc062723c751e8b465ee728b)  -> (artifact id: 'fb4eed73fb4f5fbd9dfaec320da1173b') in 0.016268 seconds 
  Import took 0.018177 seconds .

========================================================================
Received Import Request.
  Time since last request: 0.002070 seconds.
  path: Assets/Models/Models/Nature/bridge_side_stone.fbx
  artifactKey: Guid(9390bf91f519bda4c8b749200e7b3b62) Importer(815301076,1909f56bfc062723c751e8b465ee728b)
Start importing Assets/Models/Models/Nature/bridge_side_stone.fbx using Guid(9390bf91f519bda4c8b749200e7b3b62) Importer(815301076,1909f56bfc062723c751e8b465ee728b)  -> (artifact id: '75c0467162ac708e701337ed2150eee2') in 0.018021 seconds 
  Import took 0.019861 seconds .

========================================================================
Received Import Request.
  Time since last request: 0.002134 seconds.
  path: Assets/Models/Models/Nature/bridge_side_woodRound.fbx
  artifactKey: Guid(e8cdba716e787134d8904edc54b62737) Importer(815301076,1909f56bfc062723c751e8b465ee728b)
Start importing Assets/Models/Models/Nature/bridge_side_woodRound.fbx using Guid(e8cdba716e787134d8904edc54b62737) Importer(815301076,1909f56bfc062723c751e8b465ee728b)  -> (artifact id: '0d735ca00c460553bd1c001aa62658d0') in 0.021720 seconds 
  Import took 0.023783 seconds .

========================================================================
Received Import Request.
  Time since last request: 0.002183 seconds.
  path: Assets/Models/Models/Nature/campfire_logs.fbx
  artifactKey: Guid(be5899b764028e44eb9fb9a56491c87e) Importer(815301076,1909f56bfc062723c751e8b465ee728b)
Start importing Assets/Models/Models/Nature/campfire_logs.fbx using Guid(be5899b764028e44eb9fb9a56491c87e) Importer(815301076,1909f56bfc062723c751e8b465ee728b)  -> (artifact id: '7c52046ab32d0f101c9a2937e0df9c36') in 0.016468 seconds 
  Import took 0.018364 seconds .

========================================================================
Received Import Request.
  Time since last request: 0.002026 seconds.
  path: Assets/Models/Models/Nature/canoe.fbx
  artifactKey: Guid(a794a6ec24b398b4ea0aefa395e6d5d9) Importer(815301076,1909f56bfc062723c751e8b465ee728b)
Start importing Assets/Models/Models/Nature/canoe.fbx using Guid(a794a6ec24b398b4ea0aefa395e6d5d9) Importer(815301076,1909f56bfc062723c751e8b465ee728b)  -> (artifact id: '28b91e8f09226f2b18d0214f5944ffb3') in 0.015523 seconds 
  Import took 0.017545 seconds .

========================================================================
Received Import Request.
  Time since last request: 0.002131 seconds.
  path: Assets/Models/Models/Nature/cliff_blockSlopeHalfWalls_rock.fbx
  artifactKey: Guid(e4cbc0868296f0746aaf736e30f97d58) Importer(815301076,1909f56bfc062723c751e8b465ee728b)
Start importing Assets/Models/Models/Nature/cliff_blockSlopeHalfWalls_rock.fbx using Guid(e4cbc0868296f0746aaf736e30f97d58) Importer(815301076,1909f56bfc062723c751e8b465ee728b)  -> (artifact id: '37cf8b7b430995a22ab06f39dfba5005') in 0.015647 seconds 
  Import took 0.017389 seconds .

========================================================================
Received Import Request.
  Time since last request: 0.001926 seconds.
  path: Assets/Models/Models/Nature/cliff_blockSlopeHalfWalls_stone.fbx
  artifactKey: Guid(0d26e5cd7ea8fe24dbf480f2b70f1d3d) Importer(815301076,1909f56bfc062723c751e8b465ee728b)
Start importing Assets/Models/Models/Nature/cliff_blockSlopeHalfWalls_stone.fbx using Guid(0d26e5cd7ea8fe24dbf480f2b70f1d3d) Importer(815301076,1909f56bfc062723c751e8b465ee728b)  -> (artifact id: '5e499bc7d698de397cb912a9a9b965a3') in 0.014738 seconds 
  Import took 0.016446 seconds .

========================================================================
Received Import Request.
  Time since last request: 0.002393 seconds.
  path: Assets/Models/Models/Nature/campfire_planks.fbx
  artifactKey: Guid(ca165cbe3c5694f408ec57ec7effe112) Importer(815301076,1909f56bfc062723c751e8b465ee728b)
Start importing Assets/Models/Models/Nature/campfire_planks.fbx using Guid(ca165cbe3c5694f408ec57ec7effe112) Importer(815301076,1909f56bfc062723c751e8b465ee728b)  -> (artifact id: '7c6ec66e73a2dc5ff365b52b81c384b1') in 0.013414 seconds 
  Import took 0.015288 seconds .

========================================================================
Received Import Request.
  Time since last request: 0.001955 seconds.
  path: Assets/Models/Models/Nature/cliff_blockSlope_stone.fbx
  artifactKey: Guid(572311b7c67f26344ad047b34ad96eca) Importer(815301076,1909f56bfc062723c751e8b465ee728b)
Start importing Assets/Models/Models/Nature/cliff_blockSlope_stone.fbx using Guid(572311b7c67f26344ad047b34ad96eca) Importer(815301076,1909f56bfc062723c751e8b465ee728b)  -> (artifact id: 'ef8406b2a257e5c5ed0e361b9ceda88f') in 0.017121 seconds 
  Import took 0.018892 seconds .

========================================================================
Received Import Request.
  Time since last request: 0.002011 seconds.
  path: Assets/Models/Models/Nature/bridge_stone.fbx
  artifactKey: Guid(8df7dced5eb4bf248aec731253f55bda) Importer(815301076,1909f56bfc062723c751e8b465ee728b)
Start importing Assets/Models/Models/Nature/bridge_stone.fbx using Guid(8df7dced5eb4bf248aec731253f55bda) Importer(815301076,1909f56bfc062723c751e8b465ee728b)  -> (artifact id: '2a8bd5a2464202d7d8d017a7edbbc298') in 0.015313 seconds 
  Import took 0.017339 seconds .

========================================================================
Received Import Request.
  Time since last request: 0.001978 seconds.
  path: Assets/Models/Models/Nature/cliff_blockQuarter_rock.fbx
  artifactKey: Guid(83fb76c91ad0ecd408239490ba9cbea8) Importer(815301076,1909f56bfc062723c751e8b465ee728b)
Start importing Assets/Models/Models/Nature/cliff_blockQuarter_rock.fbx using Guid(83fb76c91ad0ecd408239490ba9cbea8) Importer(815301076,1909f56bfc062723c751e8b465ee728b)  -> (artifact id: '6e8c3f7c12cf89a7829f7604211e2798') in 0.016670 seconds 
  Import took 0.018519 seconds .

========================================================================
Received Import Request.
  Time since last request: 0.002088 seconds.
  path: Assets/Models/Models/Nature/bridge_stoneNarrow.fbx
  artifactKey: Guid(43322570e02ee504f9dab21bf4c4f03c) Importer(815301076,1909f56bfc062723c751e8b465ee728b)
Start importing Assets/Models/Models/Nature/bridge_stoneNarrow.fbx using Guid(43322570e02ee504f9dab21bf4c4f03c) Importer(815301076,1909f56bfc062723c751e8b465ee728b)  -> (artifact id: 'b9d653d31364141e2c022e1cddf9ed5c') in 0.016292 seconds 
  Import took 0.018106 seconds .

========================================================================
Received Import Request.
  Time since last request: 0.002098 seconds.
  path: Assets/Models/Models/Nature/cliff_blockHalf_rock.fbx
  artifactKey: Guid(eaca452b31ab24b4b8e8c85455b23429) Importer(815301076,1909f56bfc062723c751e8b465ee728b)
Start importing Assets/Models/Models/Nature/cliff_blockHalf_rock.fbx using Guid(eaca452b31ab24b4b8e8c85455b23429) Importer(815301076,1909f56bfc062723c751e8b465ee728b)  -> (artifact id: 'c9871b10dd2b722bab42aa8acd40b710') in 0.015786 seconds 
  Import took 0.017543 seconds .

========================================================================
Received Import Request.
  Time since last request: 0.001939 seconds.
  path: Assets/Models/Models/Nature/bed.fbx
  artifactKey: Guid(fbb3fbe395b41944293369771271e857) Importer(815301076,1909f56bfc062723c751e8b465ee728b)
Start importing Assets/Models/Models/Nature/bed.fbx using Guid(fbb3fbe395b41944293369771271e857) Importer(815301076,1909f56bfc062723c751e8b465ee728b)  -> (artifact id: 'c66b90b21b587f66b168c301648bd49b') in 0.020575 seconds 
  Import took 0.022285 seconds .

========================================================================
Received Import Request.
  Time since last request: 0.002060 seconds.
  path: Assets/Materials/m_Inactived.mat
  artifactKey: Guid(628aa1d97154a9044b4b485be7c1aa74) Importer(815301076,1909f56bfc062723c751e8b465ee728b)
Start importing Assets/Materials/m_Inactived.mat using Guid(628aa1d97154a9044b4b485be7c1aa74) Importer(815301076,1909f56bfc062723c751e8b465ee728b)  -> (artifact id: '4a5402886e2a77866103adc562bdddae') in 0.011626 seconds 
  Import took 0.013928 seconds .

========================================================================
Received Import Request.
  Time since last request: 0.002092 seconds.
  path: Assets/Models/Models/Nature/bridge_center_stone.fbx
  artifactKey: Guid(0be48b19d82368f4993379f9c6087a99) Importer(815301076,1909f56bfc062723c751e8b465ee728b)
Start importing Assets/Models/Models/Nature/bridge_center_stone.fbx using Guid(0be48b19d82368f4993379f9c6087a99) Importer(815301076,1909f56bfc062723c751e8b465ee728b)  -> (artifact id: 'da9054775186e26fa2565cc0df79db66') in 0.015296 seconds 
  Import took 0.017329 seconds .

========================================================================
Received Import Request.
  Time since last request: 0.002450 seconds.
  path: Assets/Models/Models/Nature/bridge_center_woodRound.fbx
  artifactKey: Guid(0f1012d26cdfc2e4f9472588a1cea6c5) Importer(815301076,1909f56bfc062723c751e8b465ee728b)
Start importing Assets/Models/Models/Nature/bridge_center_woodRound.fbx using Guid(0f1012d26cdfc2e4f9472588a1cea6c5) Importer(815301076,1909f56bfc062723c751e8b465ee728b)  -> (artifact id: '50de47313cafae8e264fb9dc883e5ea7') in 0.021435 seconds 
  Import took 0.023439 seconds .

========================================================================
Received Import Request.
  Time since last request: 0.002050 seconds.
  path: Assets/Models/Models/Nature/bridge_side_stoneRound.fbx
  artifactKey: Guid(31df904f6c4cece4cb245f93384b1d32) Importer(815301076,1909f56bfc062723c751e8b465ee728b)
Start importing Assets/Models/Models/Nature/bridge_side_stoneRound.fbx using Guid(31df904f6c4cece4cb245f93384b1d32) Importer(815301076,1909f56bfc062723c751e8b465ee728b)  -> (artifact id: '8f08103e2ed9f09d97f68b2577b340fd') in 0.017376 seconds 
  Import took 0.019145 seconds .

========================================================================
Received Import Request.
  Time since last request: 0.002039 seconds.
  path: Assets/Models/Models/Nature/cactus_short.fbx
  artifactKey: Guid(1f9ce202bef122340ae54ad3df8cee04) Importer(815301076,1909f56bfc062723c751e8b465ee728b)
Start importing Assets/Models/Models/Nature/cactus_short.fbx using Guid(1f9ce202bef122340ae54ad3df8cee04) Importer(815301076,1909f56bfc062723c751e8b465ee728b)  -> (artifact id: '26b556c5e4ccb1dd7d0e6c31b5d5110f') in 0.012368 seconds 
  Import took 0.014350 seconds .

========================================================================
Received Import Request.
  Time since last request: 0.002115 seconds.
  path: Assets/Models/Models/Nature/canoe_paddle.fbx
  artifactKey: Guid(eaa89185575af4c4e84dc11fc8fb2667) Importer(815301076,1909f56bfc062723c751e8b465ee728b)
Start importing Assets/Models/Models/Nature/canoe_paddle.fbx using Guid(eaa89185575af4c4e84dc11fc8fb2667) Importer(815301076,1909f56bfc062723c751e8b465ee728b)  -> (artifact id: '29d9425af89e95e4f52e363e8429f407') in 0.013750 seconds 
  Import took 0.015790 seconds .

========================================================================
Received Import Request.
  Time since last request: 0.002346 seconds.
  path: Assets/Models/Models/Nature/bridge_woodNarrow.fbx
  artifactKey: Guid(3e44f0f0dd5fdab4ab1ea127f6b294ad) Importer(815301076,1909f56bfc062723c751e8b465ee728b)
Start importing Assets/Models/Models/Nature/bridge_woodNarrow.fbx using Guid(3e44f0f0dd5fdab4ab1ea127f6b294ad) Importer(815301076,1909f56bfc062723c751e8b465ee728b)  -> (artifact id: '59bbafc7b9be8c14801df0c616c361b3') in 0.018038 seconds 
  Import took 0.019842 seconds .

========================================================================
Received Import Request.
  Time since last request: 0.002037 seconds.
  path: Assets/Models/Models/Nature/bridge_woodRound.fbx
  artifactKey: Guid(a4f2ce2200f563142bce04f2420563f6) Importer(815301076,1909f56bfc062723c751e8b465ee728b)
Start importing Assets/Models/Models/Nature/bridge_woodRound.fbx using Guid(a4f2ce2200f563142bce04f2420563f6) Importer(815301076,1909f56bfc062723c751e8b465ee728b)  -> (artifact id: 'c869509958467550606fdb6ec4770c3c') in 0.020015 seconds 
  Import took 0.021783 seconds .

========================================================================
Received Import Request.
  Time since last request: 0.001946 seconds.
  path: Assets/Materials/m_Activated.mat
  artifactKey: Guid(0aa77fb2473d2ed44b39e42a9f851891) Importer(815301076,1909f56bfc062723c751e8b465ee728b)
Start importing Assets/Materials/m_Activated.mat using Guid(0aa77fb2473d2ed44b39e42a9f851891) Importer(815301076,1909f56bfc062723c751e8b465ee728b)  -> (artifact id: 'e4bad82859a74ad8e01596b8430d7815') in 0.007953 seconds 
  Import took 0.009683 seconds .

========================================================================
Received Import Request.
  Time since last request: 0.002380 seconds.
  path: Assets/Models/Models/Nature/campfire_stones.fbx
  artifactKey: Guid(339309c0cb3679945afb3de6841ded02) Importer(815301076,1909f56bfc062723c751e8b465ee728b)
Start importing Assets/Models/Models/Nature/campfire_stones.fbx using Guid(339309c0cb3679945afb3de6841ded02) Importer(815301076,1909f56bfc062723c751e8b465ee728b)  -> (artifact id: 'ce89dd1c691946f6713f6c80bf76dacb') in 0.014344 seconds 
  Import took 0.016466 seconds .

========================================================================
Received Import Request.
  Time since last request: 0.002164 seconds.
  path: Assets/Models/Models/Nature/bed_floor.fbx
  artifactKey: Guid(05cd623b72cb8984f9a118ec657c23b9) Importer(815301076,1909f56bfc062723c751e8b465ee728b)
Start importing Assets/Models/Models/Nature/bed_floor.fbx using Guid(05cd623b72cb8984f9a118ec657c23b9) Importer(815301076,1909f56bfc062723c751e8b465ee728b)  -> (artifact id: '4502441818ca09305cf661af36058a96') in 0.019941 seconds 
  Import took 0.021777 seconds .

========================================================================
Received Import Request.
  Time since last request: 0.002178 seconds.
  path: Assets/Models/Models/Nature/cliff_blockCave_stone.fbx
  artifactKey: Guid(5518d1e1fdbd963499d9e4b1c261993d) Importer(815301076,1909f56bfc062723c751e8b465ee728b)
Start importing Assets/Models/Models/Nature/cliff_blockCave_stone.fbx using Guid(5518d1e1fdbd963499d9e4b1c261993d) Importer(815301076,1909f56bfc062723c751e8b465ee728b)  -> (artifact id: '2e1283b34ae857e256584dee60c39f4b') in 0.014521 seconds 
  Import took 0.016574 seconds .

========================================================================
Received Import Request.
  Time since last request: 0.002158 seconds.
  path: Assets/Models/Models/Nature/bridge_stoneRoundNarrow.fbx
  artifactKey: Guid(c514ee935e118f24591fedd841b0b86c) Importer(815301076,1909f56bfc062723c751e8b465ee728b)
Start importing Assets/Models/Models/Nature/bridge_stoneRoundNarrow.fbx using Guid(c514ee935e118f24591fedd841b0b86c) Importer(815301076,1909f56bfc062723c751e8b465ee728b)  -> (artifact id: '02fb4be523c58a3c342f9125f2a312cc') in 0.018342 seconds 
  Import took 0.020120 seconds .

========================================================================
Received Import Request.
  Time since last request: 0.001981 seconds.
  path: Assets/Models/Models/Nature/bridge_stoneRound.fbx
  artifactKey: Guid(461af8f806b65ca4fa99434ebc0796c6) Importer(815301076,1909f56bfc062723c751e8b465ee728b)
Start importing Assets/Models/Models/Nature/bridge_stoneRound.fbx using Guid(461af8f806b65ca4fa99434ebc0796c6) Importer(815301076,1909f56bfc062723c751e8b465ee728b)  -> (artifact id: '60bd5f0eec02a451c9a790e86d5dda29') in 0.016995 seconds 
  Import took 0.018702 seconds .

========================================================================
Received Import Request.
  Time since last request: 3.375350 seconds.
  path: Assets/Scripts/GameManager.cs
  artifactKey: Guid(9e26512eb5cee3348abfe8b88762cb60) Importer(815301076,1909f56bfc062723c751e8b465ee728b)
Start importing Assets/Scripts/GameManager.cs using Guid(9e26512eb5cee3348abfe8b88762cb60) Importer(815301076,1909f56bfc062723c751e8b465ee728b)  -> (artifact id: '7884187b78c6ed704188163444637b47') in 0.016030 seconds 
  Import took 0.018063 seconds .

========================================================================
Received Import Request.
  Time since last request: 0.005902 seconds.
  path: Assets/Scripts/GameManager.cs
  artifactKey: Guid(9e26512eb5cee3348abfe8b88762cb60) Importer(815301076,1909f56bfc062723c751e8b465ee728b)
Start importing Assets/Scripts/GameManager.cs using Guid(9e26512eb5cee3348abfe8b88762cb60) Importer(815301076,1909f56bfc062723c751e8b465ee728b)  -> (artifact id: '7884187b78c6ed704188163444637b47') in 0.002911 seconds 
  Import took 0.004798 seconds .

========================================================================
Received Import Request.
  Time since last request: 1.125905 seconds.
  path: Assets/Scripts/UIManager.cs
  artifactKey: Guid(a015f275b4e798940bb82f2d1265befa) Importer(815301076,1909f56bfc062723c751e8b465ee728b)
Start importing Assets/Scripts/UIManager.cs using Guid(a015f275b4e798940bb82f2d1265befa) Importer(815301076,1909f56bfc062723c751e8b465ee728b)  -> (artifact id: '488c42b07822280638be1fa96f83b404') in 0.003216 seconds 
  Import took 0.005625 seconds .

========================================================================
Received Import Request.
  Time since last request: 0.008132 seconds.
  path: Assets/Scripts/UIManager.cs
  artifactKey: Guid(a015f275b4e798940bb82f2d1265befa) Importer(815301076,1909f56bfc062723c751e8b465ee728b)
Start importing Assets/Scripts/UIManager.cs using Guid(a015f275b4e798940bb82f2d1265befa) Importer(815301076,1909f56bfc062723c751e8b465ee728b)  -> (artifact id: '488c42b07822280638be1fa96f83b404') in 0.002603 seconds 
  Import took 0.004644 seconds .

========================================================================
Received Import Request.
  Time since last request: 0.534467 seconds.
  path: Assets/Scripts/PlayerMove.cs
  artifactKey: Guid(7c103988fa1b97d44a7a7ffdf23f6c48) Importer(815301076,1909f56bfc062723c751e8b465ee728b)
Start importing Assets/Scripts/PlayerMove.cs using Guid(7c103988fa1b97d44a7a7ffdf23f6c48) Importer(815301076,1909f56bfc062723c751e8b465ee728b)  -> (artifact id: '63853c3847170761c4f87dc8e86b16c0') in 0.002760 seconds 
  Import took 0.004553 seconds .

========================================================================
Received Import Request.
  Time since last request: 0.002115 seconds.
  path: Assets/Scripts/PlayerMove.cs
  artifactKey: Guid(7c103988fa1b97d44a7a7ffdf23f6c48) Importer(815301076,1909f56bfc062723c751e8b465ee728b)
Start importing Assets/Scripts/PlayerMove.cs using Guid(7c103988fa1b97d44a7a7ffdf23f6c48) Importer(815301076,1909f56bfc062723c751e8b465ee728b)  -> (artifact id: '63853c3847170761c4f87dc8e86b16c0') in 0.002283 seconds 
  Import took 0.004355 seconds .

========================================================================
Received Import Request.
  Time since last request: 0.606527 seconds.
  path: Assets/Scripts/PlayerInteraction.cs
  artifactKey: Guid(a8a3c067abfc24847a05d084b82bb373) Importer(815301076,1909f56bfc062723c751e8b465ee728b)
Start importing Assets/Scripts/PlayerInteraction.cs using Guid(a8a3c067abfc24847a05d084b82bb373) Importer(815301076,1909f56bfc062723c751e8b465ee728b)  -> (artifact id: '379df0602ceb1f0e41b2e7d2962ab3e5') in 0.002678 seconds 
  Import took 0.004643 seconds .

